2014-04-24 16:19:26[main:0]-[INFO]Refreshing org.springframework.context.support.ClassPathXmlApplicationContext@133e8c9: startup date [Thu Apr 24 16:19:26 CST 2014]; root of context hierarchy
2014-04-24 16:19:27[main:123]-[INFO]Loading XML bean definitions from class path resource [applicationContext.xml]
2014-04-24 16:19:27[main:235]-[DEBUG]Using JAXP provider [com.sun.org.apache.xerces.internal.jaxp.DocumentBuilderFactoryImpl]
2014-04-24 16:19:27[main:361]-[DEBUG]Loading schema mappings from [META-INF/spring.schemas]
2014-04-24 16:19:27[main:363]-[DEBUG]Loaded schema mappings: {http://www.springframework.org/schema/lang/spring-lang.xsd=org/springframework/scripting/config/spring-lang-3.0.xsd, http://www.springframework.org/schema/lang/spring-lang-2.5.xsd=org/springframework/scripting/config/spring-lang-2.5.xsd, http://www.springframework.org/schema/context/spring-context-2.5.xsd=org/springframework/context/config/spring-context-2.5.xsd, http://www.springframework.org/schema/context/spring-context.xsd=org/springframework/context/config/spring-context-3.0.xsd, http://www.springframework.org/schema/aop/spring-aop.xsd=org/springframework/aop/config/spring-aop-3.0.xsd, http://www.springframework.org/schema/util/spring-util-3.0.xsd=org/springframework/beans/factory/xml/spring-util-3.0.xsd, http://www.springframework.org/schema/util/spring-util-2.0.xsd=org/springframework/beans/factory/xml/spring-util-2.0.xsd, http://www.springframework.org/schema/task/spring-task-3.0.xsd=org/springframework/scheduling/config/spring-task-3.0.xsd, http://www.springframework.org/schema/util/spring-util-2.5.xsd=org/springframework/beans/factory/xml/spring-util-2.5.xsd, http://www.springframework.org/schema/tool/spring-tool-3.0.xsd=org/springframework/beans/factory/xml/spring-tool-3.0.xsd, http://www.springframework.org/schema/tool/spring-tool-2.0.xsd=org/springframework/beans/factory/xml/spring-tool-2.0.xsd, http://www.springframework.org/schema/task/spring-task.xsd=org/springframework/scheduling/config/spring-task-3.0.xsd, http://www.springframework.org/schema/context/spring-context-3.0.xsd=org/springframework/context/config/spring-context-3.0.xsd, http://www.springframework.org/schema/beans/spring-beans-2.0.xsd=org/springframework/beans/factory/xml/spring-beans-2.0.xsd, http://www.springframework.org/schema/tool/spring-tool-2.5.xsd=org/springframework/beans/factory/xml/spring-tool-2.5.xsd, http://www.springframework.org/schema/jee/spring-jee.xsd=org/springframework/ejb/config/spring-jee-3.0.xsd, http://www.springframework.org/schema/beans/spring-beans-2.5.xsd=org/springframework/beans/factory/xml/spring-beans-2.5.xsd, http://www.springframework.org/schema/beans/spring-beans.xsd=org/springframework/beans/factory/xml/spring-beans-3.0.xsd, http://www.springframework.org/schema/tool/spring-tool.xsd=org/springframework/beans/factory/xml/spring-tool-3.0.xsd, http://www.springframework.org/schema/jee/spring-jee-3.0.xsd=org/springframework/ejb/config/spring-jee-3.0.xsd, http://www.springframework.org/schema/aop/spring-aop-3.0.xsd=org/springframework/aop/config/spring-aop-3.0.xsd, http://www.springframework.org/schema/jee/spring-jee-2.0.xsd=org/springframework/ejb/config/spring-jee-2.0.xsd, http://www.springframework.org/schema/aop/spring-aop-2.0.xsd=org/springframework/aop/config/spring-aop-2.0.xsd, http://www.springframework.org/schema/jee/spring-jee-2.5.xsd=org/springframework/ejb/config/spring-jee-2.5.xsd, http://www.springframework.org/schema/aop/spring-aop-2.5.xsd=org/springframework/aop/config/spring-aop-2.5.xsd, http://www.springframework.org/schema/beans/spring-beans-3.0.xsd=org/springframework/beans/factory/xml/spring-beans-3.0.xsd, http://www.springframework.org/schema/lang/spring-lang-3.0.xsd=org/springframework/scripting/config/spring-lang-3.0.xsd, http://www.springframework.org/schema/lang/spring-lang-2.0.xsd=org/springframework/scripting/config/spring-lang-2.0.xsd, http://www.springframework.org/schema/util/spring-util.xsd=org/springframework/beans/factory/xml/spring-util-3.0.xsd}
2014-04-24 16:19:27[main:365]-[DEBUG]Found XML schema [http://www.springframework.org/schema/beans/spring-beans-2.5.xsd] in classpath: org/springframework/beans/factory/xml/spring-beans-2.5.xsd
2014-04-24 16:19:27[main:454]-[DEBUG]Found XML schema [http://www.springframework.org/schema/context/spring-context-2.5.xsd] in classpath: org/springframework/context/config/spring-context-2.5.xsd
2014-04-24 16:19:27[main:477]-[DEBUG]Found XML schema [http://www.springframework.org/schema/tool/spring-tool-2.5.xsd] in classpath: org/springframework/beans/factory/xml/spring-tool-2.5.xsd
2014-04-24 16:19:27[main:486]-[DEBUG]Loading bean definitions
2014-04-24 16:19:27[main:529]-[DEBUG]Loaded NamespaceHandler mappings: {http://www.springframework.org/schema/p=org.springframework.beans.factory.xml.SimplePropertyNamespaceHandler, http://www.springframework.org/schema/lang=org.springframework.scripting.config.LangNamespaceHandler, http://www.springframework.org/schema/jee=org.springframework.ejb.config.JeeNamespaceHandler, http://www.springframework.org/schema/aop=org.springframework.aop.config.AopNamespaceHandler, http://www.springframework.org/schema/util=org.springframework.beans.factory.xml.UtilNamespaceHandler, http://www.springframework.org/schema/task=org.springframework.scheduling.config.TaskNamespaceHandler, http://www.springframework.org/schema/context=org.springframework.context.config.ContextNamespaceHandler}
2014-04-24 16:19:27[main:605]-[DEBUG]Looking for matching resources in directory tree [E:\mmo\mmo\mmo-server\bin\com\tongwan]
2014-04-24 16:19:27[main:606]-[DEBUG]Searching directory [E:\mmo\mmo\mmo-server\bin\com\tongwan] for files matching pattern [E:/mmo/mmo/mmo-server/bin/com/tongwan/**/*.class]
2014-04-24 16:19:27[main:617]-[DEBUG]Searching directory [E:\mmo\mmo\mmo-server\bin\com\tongwan\ai] for files matching pattern [E:/mmo/mmo/mmo-server/bin/com/tongwan/**/*.class]
2014-04-24 16:19:27[main:635]-[DEBUG]Searching directory [E:\mmo\mmo\mmo-server\bin\com\tongwan\ai\impl] for files matching pattern [E:/mmo/mmo/mmo-server/bin/com/tongwan/**/*.class]
2014-04-24 16:19:27[main:647]-[DEBUG]Searching directory [E:\mmo\mmo\mmo-server\bin\com\tongwan\context] for files matching pattern [E:/mmo/mmo/mmo-server/bin/com/tongwan/**/*.class]
2014-04-24 16:19:27[main:647]-[DEBUG]Searching directory [E:\mmo\mmo\mmo-server\bin\com\tongwan\context\event] for files matching pattern [E:/mmo/mmo/mmo-server/bin/com/tongwan/**/*.class]
2014-04-24 16:19:27[main:660]-[DEBUG]Searching directory [E:\mmo\mmo\mmo-server\bin\com\tongwan\domain] for files matching pattern [E:/mmo/mmo/mmo-server/bin/com/tongwan/**/*.class]
2014-04-24 16:19:27[main:661]-[DEBUG]Searching directory [E:\mmo\mmo\mmo-server\bin\com\tongwan\domain\attribute] for files matching pattern [E:/mmo/mmo/mmo-server/bin/com/tongwan/**/*.class]
2014-04-24 16:19:27[main:663]-[DEBUG]Searching directory [E:\mmo\mmo\mmo-server\bin\com\tongwan\domain\configure] for files matching pattern [E:/mmo/mmo/mmo-server/bin/com/tongwan/**/*.class]
2014-04-24 16:19:27[main:671]-[DEBUG]Searching directory [E:\mmo\mmo\mmo-server\bin\com\tongwan\domain\map] for files matching pattern [E:/mmo/mmo/mmo-server/bin/com/tongwan/**/*.class]
2014-04-24 16:19:27[main:673]-[DEBUG]Searching directory [E:\mmo\mmo\mmo-server\bin\com\tongwan\domain\monster] for files matching pattern [E:/mmo/mmo/mmo-server/bin/com/tongwan/**/*.class]
2014-04-24 16:19:27[main:675]-[DEBUG]Searching directory [E:\mmo\mmo\mmo-server\bin\com\tongwan\domain\sprite] for files matching pattern [E:/mmo/mmo/mmo-server/bin/com/tongwan/**/*.class]
2014-04-24 16:19:27[main:679]-[DEBUG]Searching directory [E:\mmo\mmo\mmo-server\bin\com\tongwan\helper] for files matching pattern [E:/mmo/mmo/mmo-server/bin/com/tongwan/**/*.class]
2014-04-24 16:19:27[main:680]-[DEBUG]Searching directory [E:\mmo\mmo\mmo-server\bin\com\tongwan\manage] for files matching pattern [E:/mmo/mmo/mmo-server/bin/com/tongwan/**/*.class]
2014-04-24 16:19:27[main:680]-[DEBUG]Searching directory [E:\mmo\mmo\mmo-server\bin\com\tongwan\net] for files matching pattern [E:/mmo/mmo/mmo-server/bin/com/tongwan/**/*.class]
2014-04-24 16:19:27[main:681]-[DEBUG]Searching directory [E:\mmo\mmo\mmo-server\bin\com\tongwan\protocol] for files matching pattern [E:/mmo/mmo/mmo-server/bin/com/tongwan/**/*.class]
2014-04-24 16:19:27[main:682]-[DEBUG]Searching directory [E:\mmo\mmo\mmo-server\bin\com\tongwan\protocol\module] for files matching pattern [E:/mmo/mmo/mmo-server/bin/com/tongwan/**/*.class]
2014-04-24 16:19:27[main:683]-[DEBUG]Searching directory [E:\mmo\mmo\mmo-server\bin\com\tongwan\service] for files matching pattern [E:/mmo/mmo/mmo-server/bin/com/tongwan/**/*.class]
2014-04-24 16:19:27[main:684]-[DEBUG]Searching directory [E:\mmo\mmo\mmo-server\bin\com\tongwan\service\impl] for files matching pattern [E:/mmo/mmo/mmo-server/bin/com/tongwan/**/*.class]
2014-04-24 16:19:27[main:686]-[DEBUG]Searching directory [E:\mmo\mmo\mmo-server\bin\com\tongwan\template] for files matching pattern [E:/mmo/mmo/mmo-server/bin/com/tongwan/**/*.class]
2014-04-24 16:19:27[main:687]-[DEBUG]Searching directory [E:\mmo\mmo\mmo-server\bin\com\tongwan\type] for files matching pattern [E:/mmo/mmo/mmo-server/bin/com/tongwan/**/*.class]
2014-04-24 16:19:27[main:691]-[DEBUG]Looking for matching resources in directory tree [E:\mmo\mmo\common\bin\com\tongwan]
2014-04-24 16:19:27[main:692]-[DEBUG]Searching directory [E:\mmo\mmo\common\bin\com\tongwan] for files matching pattern [E:/mmo/mmo/common/bin/com/tongwan/**/*.class]
2014-04-24 16:19:27[main:692]-[DEBUG]Searching directory [E:\mmo\mmo\common\bin\com\tongwan\common] for files matching pattern [E:/mmo/mmo/common/bin/com/tongwan/**/*.class]
2014-04-24 16:19:27[main:692]-[DEBUG]Searching directory [E:\mmo\mmo\common\bin\com\tongwan\common\ai] for files matching pattern [E:/mmo/mmo/common/bin/com/tongwan/**/*.class]
2014-04-24 16:19:27[main:693]-[DEBUG]Searching directory [E:\mmo\mmo\common\bin\com\tongwan\common\ai\behaviortree] for files matching pattern [E:/mmo/mmo/common/bin/com/tongwan/**/*.class]
2014-04-24 16:19:27[main:697]-[DEBUG]Searching directory [E:\mmo\mmo\common\bin\com\tongwan\common\ai\behaviortree\node] for files matching pattern [E:/mmo/mmo/common/bin/com/tongwan/**/*.class]
2014-04-24 16:19:27[main:701]-[DEBUG]Searching directory [E:\mmo\mmo\common\bin\com\tongwan\common\ai\behaviortree\type] for files matching pattern [E:/mmo/mmo/common/bin/com/tongwan/**/*.class]
2014-04-24 16:19:27[main:709]-[DEBUG]Searching directory [E:\mmo\mmo\common\bin\com\tongwan\common\builder] for files matching pattern [E:/mmo/mmo/common/bin/com/tongwan/**/*.class]
2014-04-24 16:19:27[main:710]-[DEBUG]Searching directory [E:\mmo\mmo\common\bin\com\tongwan\common\builder\rpc] for files matching pattern [E:/mmo/mmo/common/bin/com/tongwan/**/*.class]
2014-04-24 16:19:27[main:711]-[DEBUG]Searching directory [E:\mmo\mmo\common\bin\com\tongwan\common\excel] for files matching pattern [E:/mmo/mmo/common/bin/com/tongwan/**/*.class]
2014-04-24 16:19:27[main:711]-[DEBUG]Searching directory [E:\mmo\mmo\common\bin\com\tongwan\common\image] for files matching pattern [E:/mmo/mmo/common/bin/com/tongwan/**/*.class]
2014-04-24 16:19:27[main:712]-[DEBUG]Searching directory [E:\mmo\mmo\common\bin\com\tongwan\common\io] for files matching pattern [E:/mmo/mmo/common/bin/com/tongwan/**/*.class]
2014-04-24 16:19:27[main:712]-[DEBUG]Searching directory [E:\mmo\mmo\common\bin\com\tongwan\common\io\rpc] for files matching pattern [E:/mmo/mmo/common/bin/com/tongwan/**/*.class]
2014-04-24 16:19:27[main:712]-[DEBUG]Searching directory [E:\mmo\mmo\common\bin\com\tongwan\common\io\rpc\impl] for files matching pattern [E:/mmo/mmo/common/bin/com/tongwan/**/*.class]
2014-04-24 16:19:27[main:713]-[DEBUG]Searching directory [E:\mmo\mmo\common\bin\com\tongwan\common\lang] for files matching pattern [E:/mmo/mmo/common/bin/com/tongwan/**/*.class]
2014-04-24 16:19:27[main:714]-[DEBUG]Searching directory [E:\mmo\mmo\common\bin\com\tongwan\common\net] for files matching pattern [E:/mmo/mmo/common/bin/com/tongwan/**/*.class]
2014-04-24 16:19:27[main:714]-[DEBUG]Searching directory [E:\mmo\mmo\common\bin\com\tongwan\common\net\channel] for files matching pattern [E:/mmo/mmo/common/bin/com/tongwan/**/*.class]
2014-04-24 16:19:27[main:715]-[DEBUG]Searching directory [E:\mmo\mmo\common\bin\com\tongwan\common\net\channel\netty] for files matching pattern [E:/mmo/mmo/common/bin/com/tongwan/**/*.class]
2014-04-24 16:19:27[main:715]-[DEBUG]Searching directory [E:\mmo\mmo\common\bin\com\tongwan\common\net\encoder] for files matching pattern [E:/mmo/mmo/common/bin/com/tongwan/**/*.class]
2014-04-24 16:19:27[main:716]-[DEBUG]Searching directory [E:\mmo\mmo\common\bin\com\tongwan\common\net\encoder\netty] for files matching pattern [E:/mmo/mmo/common/bin/com/tongwan/**/*.class]
2014-04-24 16:19:27[main:716]-[DEBUG]Searching directory [E:\mmo\mmo\common\bin\com\tongwan\common\path] for files matching pattern [E:/mmo/mmo/common/bin/com/tongwan/**/*.class]
2014-04-24 16:19:27[main:717]-[DEBUG]Searching directory [E:\mmo\mmo\common\bin\com\tongwan\common\serialize] for files matching pattern [E:/mmo/mmo/common/bin/com/tongwan/**/*.class]
2014-04-24 16:19:27[main:717]-[DEBUG]Searching directory [E:\mmo\mmo\common\bin\com\tongwan\common\thread] for files matching pattern [E:/mmo/mmo/common/bin/com/tongwan/**/*.class]
2014-04-24 16:19:27[main:718]-[DEBUG]Searching directory [E:\mmo\mmo\common\bin\com\tongwan\common\tools] for files matching pattern [E:/mmo/mmo/common/bin/com/tongwan/**/*.class]
2014-04-24 16:19:27[main:718]-[DEBUG]Searching directory [E:\mmo\mmo\common\bin\com\tongwan\common\tools\resource] for files matching pattern [E:/mmo/mmo/common/bin/com/tongwan/**/*.class]
2014-04-24 16:19:27[main:720]-[DEBUG]Resolved location pattern [classpath*:com/tongwan/**/*.class] to resources [file [E:\mmo\mmo\mmo-server\bin\com\tongwan\ai\AiLevelService.class], file [E:\mmo\mmo\mmo-server\bin\com\tongwan\ai\AiManage.class], file [E:\mmo\mmo\mmo-server\bin\com\tongwan\ai\impl\AiLevelServiceImpl.class], file [E:\mmo\mmo\mmo-server\bin\com\tongwan\ai\impl\MonsterActionImpl.class], file [E:\mmo\mmo\mmo-server\bin\com\tongwan\ai\MonsterAction.class], file [E:\mmo\mmo\mmo-server\bin\com\tongwan\Bootstrap.class], file [E:\mmo\mmo\mmo-server\bin\com\tongwan\context\event\AiLevelLoadedEvent.class], file [E:\mmo\mmo\mmo-server\bin\com\tongwan\context\event\GameMapLoadedEvent.class], file [E:\mmo\mmo\mmo-server\bin\com\tongwan\context\event\ResourceLoadedEvent.class], file [E:\mmo\mmo\mmo-server\bin\com\tongwan\domain\attribute\AttributeKey.class], file [E:\mmo\mmo\mmo-server\bin\com\tongwan\domain\attribute\AttributeRule.class], file [E:\mmo\mmo\mmo-server\bin\com\tongwan\domain\configure\Storage.class], file [E:\mmo\mmo\mmo-server\bin\com\tongwan\domain\map\GameMap.class], file [E:\mmo\mmo\mmo-server\bin\com\tongwan\domain\monster\Monster.class], file [E:\mmo\mmo\mmo-server\bin\com\tongwan\domain\monster\MonsterBattle.class], file [E:\mmo\mmo\mmo-server\bin\com\tongwan\domain\monster\MonsterDomain.class], file [E:\mmo\mmo\mmo-server\bin\com\tongwan\domain\sprite\BaseSprite.class], file [E:\mmo\mmo\mmo-server\bin\com\tongwan\domain\sprite\Battle.class], file [E:\mmo\mmo\mmo-server\bin\com\tongwan\domain\sprite\CombatSprite.class], file [E:\mmo\mmo\mmo-server\bin\com\tongwan\domain\sprite\Sprite.class], file [E:\mmo\mmo\mmo-server\bin\com\tongwan\helper\FightHelper.class], file [E:\mmo\mmo\mmo-server\bin\com\tongwan\helper\PushHelper$1.class], file [E:\mmo\mmo\mmo-server\bin\com\tongwan\helper\PushHelper$2.class], file [E:\mmo\mmo\mmo-server\bin\com\tongwan\helper\PushHelper.class], file [E:\mmo\mmo\mmo-server\bin\com\tongwan\helper\WorldPushHelper$1.class], file [E:\mmo\mmo\mmo-server\bin\com\tongwan\helper\WorldPushHelper.class], file [E:\mmo\mmo\mmo-server\bin\com\tongwan\manage\SessionManage.class], file [E:\mmo\mmo\mmo-server\bin\com\tongwan\net\Handler.class], file [E:\mmo\mmo\mmo-server\bin\com\tongwan\net\ModuleDispatcher.class], file [E:\mmo\mmo\mmo-server\bin\com\tongwan\net\RpcServiceImpl.class], file [E:\mmo\mmo\mmo-server\bin\com\tongwan\net\TcpBootstrap.class], file [E:\mmo\mmo\mmo-server\bin\com\tongwan\net\TcpHandler.class], file [E:\mmo\mmo\mmo-server\bin\com\tongwan\net\TcpPipelineFactory.class], file [E:\mmo\mmo\mmo-server\bin\com\tongwan\protocol\CmdService$UserInterface.class], file [E:\mmo\mmo\mmo-server\bin\com\tongwan\protocol\CmdService.class], file [E:\mmo\mmo\mmo-server\bin\com\tongwan\protocol\module\UserInterfaceImpl.class], file [E:\mmo\mmo\mmo-server\bin\com\tongwan\protocol\Vos$PlayerBattleVO.class], file [E:\mmo\mmo\mmo-server\bin\com\tongwan\protocol\Vos$PlayerVO.class], file [E:\mmo\mmo\mmo-server\bin\com\tongwan\protocol\Vos$SpriteMotionVO.class], file [E:\mmo\mmo\mmo-server\bin\com\tongwan\protocol\Vos$SpriteVO.class], file [E:\mmo\mmo\mmo-server\bin\com\tongwan\protocol\Vos$UserVO.class], file [E:\mmo\mmo\mmo-server\bin\com\tongwan\protocol\Vos.class], file [E:\mmo\mmo\mmo-server\bin\com\tongwan\service\FightService.class], file [E:\mmo\mmo\mmo-server\bin\com\tongwan\service\GameMapService.class], file [E:\mmo\mmo\mmo-server\bin\com\tongwan\service\impl\FightServiceImpl.class], file [E:\mmo\mmo\mmo-server\bin\com\tongwan\service\impl\GameMapServiceImpl.class], file [E:\mmo\mmo\mmo-server\bin\com\tongwan\service\impl\MonsterServiceImpl.class], file [E:\mmo\mmo\mmo-server\bin\com\tongwan\service\impl\ResourceServiceImpl.class], file [E:\mmo\mmo\mmo-server\bin\com\tongwan\service\impl\SpriteServiceImpl.class], file [E:\mmo\mmo\mmo-server\bin\com\tongwan\service\MonsterService.class], file [E:\mmo\mmo\mmo-server\bin\com\tongwan\service\ResourceService.class], file [E:\mmo\mmo\mmo-server\bin\com\tongwan\service\SpriteService.class], file [E:\mmo\mmo\mmo-server\bin\com\tongwan\template\MonsterTemplate.class], file [E:\mmo\mmo\mmo-server\bin\com\tongwan\type\SpriteType.class], file [E:\mmo\mmo\common\bin\com\tongwan\common\ai\behaviortree\AiDispatchThread.class], file [E:\mmo\mmo\common\bin\com\tongwan\common\ai\behaviortree\AiRun.class], file [E:\mmo\mmo\common\bin\com\tongwan\common\ai\behaviortree\BehaviorActor.class], file [E:\mmo\mmo\common\bin\com\tongwan\common\ai\behaviortree\BehaviorTree.class], file [E:\mmo\mmo\common\bin\com\tongwan\common\ai\behaviortree\BehaviorTreeContext.class], file [E:\mmo\mmo\common\bin\com\tongwan\common\ai\behaviortree\node\ActionNode.class], file [E:\mmo\mmo\common\bin\com\tongwan\common\ai\behaviortree\node\BehaviorNode.class], file [E:\mmo\mmo\common\bin\com\tongwan\common\ai\behaviortree\node\ConditionNode.class], file [E:\mmo\mmo\common\bin\com\tongwan\common\ai\behaviortree\node\SelectorNode.class], file [E:\mmo\mmo\common\bin\com\tongwan\common\ai\behaviortree\node\SequenceNode.class], file [E:\mmo\mmo\common\bin\com\tongwan\common\ai\behaviortree\type\Action.class], file [E:\mmo\mmo\common\bin\com\tongwan\common\ai\behaviortree\type\Condition.class], file [E:\mmo\mmo\common\bin\com\tongwan\common\ai\behaviortree\type\NodeType.class], file [E:\mmo\mmo\common\bin\com\tongwan\common\builder\rpc\RpcMethod.class], file [E:\mmo\mmo\common\bin\com\tongwan\common\builder\rpc\RpcMethodTag.class], file [E:\mmo\mmo\common\bin\com\tongwan\common\builder\rpc\ServiceG$PlayerBattleVO.class], file [E:\mmo\mmo\common\bin\com\tongwan\common\builder\rpc\ServiceG$PlayerVO.class], file [E:\mmo\mmo\common\bin\com\tongwan\common\builder\rpc\ServiceG$RpcInterface.class], file [E:\mmo\mmo\common\bin\com\tongwan\common\builder\rpc\ServiceG$UserVO.class], file [E:\mmo\mmo\common\bin\com\tongwan\common\builder\rpc\ServiceG.class], file [E:\mmo\mmo\common\bin\com\tongwan\common\excel\ExcelX.class], file [E:\mmo\mmo\common\bin\com\tongwan\common\image\ImageUtils.class], file [E:\mmo\mmo\common\bin\com\tongwan\common\io\FileX.class], file [E:\mmo\mmo\common\bin\com\tongwan\common\io\rpc\impl\RpcInputNettyImpl.class], file [E:\mmo\mmo\common\bin\com\tongwan\common\io\rpc\impl\RpcOutputNettyImpl.class], file [E:\mmo\mmo\common\bin\com\tongwan\common\io\rpc\MessageType.class], file [E:\mmo\mmo\common\bin\com\tongwan\common\io\rpc\RpcInput.class], file [E:\mmo\mmo\common\bin\com\tongwan\common\io\rpc\RpcOutput.class], file [E:\mmo\mmo\common\bin\com\tongwan\common\io\rpc\RpcVo.class], file [E:\mmo\mmo\common\bin\com\tongwan\common\lang\PackageScanner$1.class], file [E:\mmo\mmo\common\bin\com\tongwan\common\lang\PackageScanner.class], file [E:\mmo\mmo\common\bin\com\tongwan\common\lang\TypeX.class], file [E:\mmo\mmo\common\bin\com\tongwan\common\net\channel\BaseChannel.class], file [E:\mmo\mmo\common\bin\com\tongwan\common\net\channel\netty\NettyChannelImpl.class], file [E:\mmo\mmo\common\bin\com\tongwan\common\net\encoder\netty\SimpleDecoder.class], file [E:\mmo\mmo\common\bin\com\tongwan\common\net\ResultObject.class], file [E:\mmo\mmo\common\bin\com\tongwan\common\path\AStar$Node.class], file [E:\mmo\mmo\common\bin\com\tongwan\common\path\AStar.class], file [E:\mmo\mmo\common\bin\com\tongwan\common\path\MaskTypes.class], file [E:\mmo\mmo\common\bin\com\tongwan\common\path\Point.class], file [E:\mmo\mmo\common\bin\com\tongwan\common\serialize\SimpleSerializeX.class], file [E:\mmo\mmo\common\bin\com\tongwan\common\thread\NameThreadFactory.class], file [E:\mmo\mmo\common\bin\com\tongwan\common\tools\resource\Template.class], file [E:\mmo\mmo\common\bin\com\tongwan\common\tools\resource\TemplateTools.class]]
2014-04-24 16:19:27[main:802]-[DEBUG]Identified candidate component class: file [E:\mmo\mmo\mmo-server\bin\com\tongwan\ai\impl\AiLevelServiceImpl.class]
2014-04-24 16:19:27[main:803]-[DEBUG]Identified candidate component class: file [E:\mmo\mmo\mmo-server\bin\com\tongwan\ai\impl\MonsterActionImpl.class]
2014-04-24 16:19:27[main:807]-[DEBUG]Identified candidate component class: file [E:\mmo\mmo\mmo-server\bin\com\tongwan\helper\FightHelper.class]
2014-04-24 16:19:27[main:810]-[DEBUG]Identified candidate component class: file [E:\mmo\mmo\mmo-server\bin\com\tongwan\helper\PushHelper.class]
2014-04-24 16:19:27[main:811]-[DEBUG]Identified candidate component class: file [E:\mmo\mmo\mmo-server\bin\com\tongwan\helper\WorldPushHelper.class]
2014-04-24 16:19:27[main:822]-[DEBUG]Identified candidate component class: file [E:\mmo\mmo\mmo-server\bin\com\tongwan\manage\SessionManage.class]
2014-04-24 16:19:27[main:823]-[DEBUG]Identified candidate component class: file [E:\mmo\mmo\mmo-server\bin\com\tongwan\net\ModuleDispatcher.class]
2014-04-24 16:19:27[main:825]-[DEBUG]Identified candidate component class: file [E:\mmo\mmo\mmo-server\bin\com\tongwan\net\RpcServiceImpl.class]
2014-04-24 16:19:27[main:826]-[DEBUG]Identified candidate component class: file [E:\mmo\mmo\mmo-server\bin\com\tongwan\net\TcpBootstrap.class]
2014-04-24 16:19:27[main:827]-[DEBUG]Identified candidate component class: file [E:\mmo\mmo\mmo-server\bin\com\tongwan\net\TcpHandler.class]
2014-04-24 16:19:27[main:830]-[DEBUG]Identified candidate component class: file [E:\mmo\mmo\mmo-server\bin\com\tongwan\net\TcpPipelineFactory.class]
2014-04-24 16:19:27[main:834]-[DEBUG]Identified candidate component class: file [E:\mmo\mmo\mmo-server\bin\com\tongwan\protocol\module\UserInterfaceImpl.class]
2014-04-24 16:19:27[main:839]-[DEBUG]Identified candidate component class: file [E:\mmo\mmo\mmo-server\bin\com\tongwan\service\impl\FightServiceImpl.class]
2014-04-24 16:19:27[main:840]-[DEBUG]Identified candidate component class: file [E:\mmo\mmo\mmo-server\bin\com\tongwan\service\impl\GameMapServiceImpl.class]
2014-04-24 16:19:27[main:845]-[DEBUG]Identified candidate component class: file [E:\mmo\mmo\mmo-server\bin\com\tongwan\service\impl\MonsterServiceImpl.class]
2014-04-24 16:19:27[main:856]-[DEBUG]Identified candidate component class: file [E:\mmo\mmo\mmo-server\bin\com\tongwan\service\impl\ResourceServiceImpl.class]
2014-04-24 16:19:27[main:857]-[DEBUG]Identified candidate component class: file [E:\mmo\mmo\mmo-server\bin\com\tongwan\service\impl\SpriteServiceImpl.class]
2014-04-24 16:19:27[main:1080]-[DEBUG]Loaded 21 bean definitions from location pattern [applicationContext.xml]
2014-04-24 16:19:27[main:1080]-[DEBUG]Bean factory for org.springframework.context.support.ClassPathXmlApplicationContext@133e8c9: org.springframework.beans.factory.support.DefaultListableBeanFactory@f78e4b: defining beans [aiLevelServiceImpl,monsterActionImpl,fightHelper,pushHelper,worldPushHelper,sessionManage,moduleDispatcher,rpcServiceImpl,tcpBootstrap,tcpHandler,tcpPipelineFactory,userInterfaceImpl,fightServiceImpl,gameMapServiceImpl,monsterServiceImpl,resourceServiceImpl,spriteServiceImpl,org.springframework.context.annotation.internalConfigurationAnnotationProcessor,org.springframework.context.annotation.internalAutowiredAnnotationProcessor,org.springframework.context.annotation.internalRequiredAnnotationProcessor,org.springframework.context.annotation.internalCommonAnnotationProcessor]; root of factory hierarchy
2014-04-24 16:19:28[main:1153]-[DEBUG]Creating shared instance of singleton bean 'org.springframework.context.annotation.internalConfigurationAnnotationProcessor'
2014-04-24 16:19:28[main:1153]-[DEBUG]Creating instance of bean 'org.springframework.context.annotation.internalConfigurationAnnotationProcessor'
2014-04-24 16:19:28[main:1195]-[DEBUG]Eagerly caching bean 'org.springframework.context.annotation.internalConfigurationAnnotationProcessor' to allow for resolving potential circular references
2014-04-24 16:19:28[main:1196]-[DEBUG]Finished creating instance of bean 'org.springframework.context.annotation.internalConfigurationAnnotationProcessor'
2014-04-24 16:19:28[main:1240]-[DEBUG]Creating shared instance of singleton bean 'org.springframework.context.annotation.internalAutowiredAnnotationProcessor'
2014-04-24 16:19:28[main:1240]-[DEBUG]Creating instance of bean 'org.springframework.context.annotation.internalAutowiredAnnotationProcessor'
2014-04-24 16:19:28[main:1241]-[DEBUG]Eagerly caching bean 'org.springframework.context.annotation.internalAutowiredAnnotationProcessor' to allow for resolving potential circular references
2014-04-24 16:19:28[main:1241]-[DEBUG]Finished creating instance of bean 'org.springframework.context.annotation.internalAutowiredAnnotationProcessor'
2014-04-24 16:19:28[main:1241]-[DEBUG]Creating shared instance of singleton bean 'org.springframework.context.annotation.internalRequiredAnnotationProcessor'
2014-04-24 16:19:28[main:1241]-[DEBUG]Creating instance of bean 'org.springframework.context.annotation.internalRequiredAnnotationProcessor'
2014-04-24 16:19:28[main:1242]-[DEBUG]Eagerly caching bean 'org.springframework.context.annotation.internalRequiredAnnotationProcessor' to allow for resolving potential circular references
2014-04-24 16:19:28[main:1242]-[DEBUG]Finished creating instance of bean 'org.springframework.context.annotation.internalRequiredAnnotationProcessor'
2014-04-24 16:19:28[main:1242]-[DEBUG]Creating shared instance of singleton bean 'org.springframework.context.annotation.internalCommonAnnotationProcessor'
2014-04-24 16:19:28[main:1242]-[DEBUG]Creating instance of bean 'org.springframework.context.annotation.internalCommonAnnotationProcessor'
2014-04-24 16:19:28[main:1294]-[DEBUG]Eagerly caching bean 'org.springframework.context.annotation.internalCommonAnnotationProcessor' to allow for resolving potential circular references
2014-04-24 16:19:28[main:1295]-[DEBUG]Finished creating instance of bean 'org.springframework.context.annotation.internalCommonAnnotationProcessor'
2014-04-24 16:19:28[main:1299]-[DEBUG]Unable to locate MessageSource with name 'messageSource': using default [org.springframework.context.support.DelegatingMessageSource@19fbe63]
2014-04-24 16:19:28[main:1302]-[DEBUG]Unable to locate ApplicationEventMulticaster with name 'applicationEventMulticaster': using default [org.springframework.context.event.SimpleApplicationEventMulticaster@115584c]
2014-04-24 16:19:28[main:1304]-[INFO]Pre-instantiating singletons in org.springframework.beans.factory.support.DefaultListableBeanFactory@f78e4b: defining beans [aiLevelServiceImpl,monsterActionImpl,fightHelper,pushHelper,worldPushHelper,sessionManage,moduleDispatcher,rpcServiceImpl,tcpBootstrap,tcpHandler,tcpPipelineFactory,userInterfaceImpl,fightServiceImpl,gameMapServiceImpl,monsterServiceImpl,resourceServiceImpl,spriteServiceImpl,org.springframework.context.annotation.internalConfigurationAnnotationProcessor,org.springframework.context.annotation.internalAutowiredAnnotationProcessor,org.springframework.context.annotation.internalRequiredAnnotationProcessor,org.springframework.context.annotation.internalCommonAnnotationProcessor]; root of factory hierarchy
2014-04-24 16:19:28[main:1308]-[DEBUG]Creating shared instance of singleton bean 'aiLevelServiceImpl'
2014-04-24 16:19:28[main:1309]-[DEBUG]Creating instance of bean 'aiLevelServiceImpl'
2014-04-24 16:19:28[main:1336]-[DEBUG]Eagerly caching bean 'aiLevelServiceImpl' to allow for resolving potential circular references
2014-04-24 16:19:28[main:1345]-[DEBUG]Finished creating instance of bean 'aiLevelServiceImpl'
2014-04-24 16:19:28[main:1345]-[DEBUG]Creating shared instance of singleton bean 'monsterActionImpl'
2014-04-24 16:19:28[main:1345]-[DEBUG]Creating instance of bean 'monsterActionImpl'
2014-04-24 16:19:28[main:1350]-[DEBUG]Found init method on class [com.tongwan.ai.impl.MonsterActionImpl]: public void com.tongwan.ai.impl.MonsterActionImpl.init()
2014-04-24 16:19:28[main:1350]-[DEBUG]Found init method on class [com.tongwan.ai.impl.MonsterActionImpl]: org.springframework.beans.factory.annotation.InitDestroyAnnotationBeanPostProcessor$LifecycleElement@316510
2014-04-24 16:19:28[main:1355]-[DEBUG]Eagerly caching bean 'monsterActionImpl' to allow for resolving potential circular references
2014-04-24 16:19:28[main:1358]-[DEBUG]Invoking init method on bean 'monsterActionImpl': public void com.tongwan.ai.impl.MonsterActionImpl.init()
2014-04-24 16:19:28[main:1381]-[DEBUG]Finished creating instance of bean 'monsterActionImpl'
2014-04-24 16:19:28[main:1381]-[DEBUG]Creating shared instance of singleton bean 'fightHelper'
2014-04-24 16:19:28[main:1381]-[DEBUG]Creating instance of bean 'fightHelper'
2014-04-24 16:19:28[main:1382]-[DEBUG]Found init method on class [com.tongwan.helper.FightHelper]: public void com.tongwan.helper.FightHelper.init()
2014-04-24 16:19:28[main:1382]-[DEBUG]Found init method on class [com.tongwan.helper.FightHelper]: org.springframework.beans.factory.annotation.InitDestroyAnnotationBeanPostProcessor$LifecycleElement@316510
2014-04-24 16:19:28[main:1384]-[DEBUG]Found injected element on class [com.tongwan.helper.FightHelper]: AutowiredFieldElement for private com.tongwan.service.FightService com.tongwan.helper.FightHelper.fightService
2014-04-24 16:19:28[main:1385]-[DEBUG]Eagerly caching bean 'fightHelper' to allow for resolving potential circular references
2014-04-24 16:19:28[main:1386]-[DEBUG]Processing injected method of bean 'fightHelper': AutowiredFieldElement for private com.tongwan.service.FightService com.tongwan.helper.FightHelper.fightService
2014-04-24 16:19:28[main:1388]-[DEBUG]Creating shared instance of singleton bean 'fightServiceImpl'
2014-04-24 16:19:28[main:1388]-[DEBUG]Creating instance of bean 'fightServiceImpl'
2014-04-24 16:19:28[main:1389]-[DEBUG]Eagerly caching bean 'fightServiceImpl' to allow for resolving potential circular references
2014-04-24 16:19:28[main:1391]-[DEBUG]Finished creating instance of bean 'fightServiceImpl'
2014-04-24 16:19:28[main:1391]-[DEBUG]Autowiring by type from bean name 'fightHelper' to bean named 'fightServiceImpl'
2014-04-24 16:19:28[main:1398]-[DEBUG]Invoking init method on bean 'fightHelper': public void com.tongwan.helper.FightHelper.init()
2014-04-24 16:19:28[main:1399]-[DEBUG]Finished creating instance of bean 'fightHelper'
2014-04-24 16:19:28[main:1399]-[DEBUG]Creating shared instance of singleton bean 'pushHelper'
2014-04-24 16:19:28[main:1399]-[DEBUG]Creating instance of bean 'pushHelper'
2014-04-24 16:19:28[main:1402]-[DEBUG]Found init method on class [com.tongwan.helper.PushHelper]: public void com.tongwan.helper.PushHelper.init()
2014-04-24 16:19:28[main:1402]-[DEBUG]Found init method on class [com.tongwan.helper.PushHelper]: org.springframework.beans.factory.annotation.InitDestroyAnnotationBeanPostProcessor$LifecycleElement@316510
2014-04-24 16:19:28[main:1403]-[DEBUG]Found injected element on class [com.tongwan.helper.PushHelper]: AutowiredFieldElement for private com.tongwan.manage.SessionManage com.tongwan.helper.PushHelper.sessionManage
2014-04-24 16:19:28[main:1403]-[DEBUG]Eagerly caching bean 'pushHelper' to allow for resolving potential circular references
2014-04-24 16:19:28[main:1404]-[DEBUG]Processing injected method of bean 'pushHelper': AutowiredFieldElement for private com.tongwan.manage.SessionManage com.tongwan.helper.PushHelper.sessionManage
2014-04-24 16:19:28[main:1405]-[DEBUG]Creating shared instance of singleton bean 'sessionManage'
2014-04-24 16:19:28[main:1405]-[DEBUG]Creating instance of bean 'sessionManage'
2014-04-24 16:19:28[main:1407]-[DEBUG]Eagerly caching bean 'sessionManage' to allow for resolving potential circular references
2014-04-24 16:19:28[main:1410]-[DEBUG]Finished creating instance of bean 'sessionManage'
2014-04-24 16:19:28[main:1410]-[DEBUG]Autowiring by type from bean name 'pushHelper' to bean named 'sessionManage'
2014-04-24 16:19:28[main:1410]-[DEBUG]Invoking init method on bean 'pushHelper': public void com.tongwan.helper.PushHelper.init()
2014-04-24 16:19:28[main:1410]-[DEBUG]Finished creating instance of bean 'pushHelper'
2014-04-24 16:19:28[main:1410]-[DEBUG]Creating shared instance of singleton bean 'worldPushHelper'
2014-04-24 16:19:28[main:1410]-[DEBUG]Creating instance of bean 'worldPushHelper'
2014-04-24 16:19:28[main:1411]-[DEBUG]Found init method on class [com.tongwan.helper.WorldPushHelper]: public void com.tongwan.helper.WorldPushHelper.init()
2014-04-24 16:19:28[main:1411]-[DEBUG]Found init method on class [com.tongwan.helper.WorldPushHelper]: org.springframework.beans.factory.annotation.InitDestroyAnnotationBeanPostProcessor$LifecycleElement@316510
2014-04-24 16:19:28[main:1411]-[DEBUG]Found injected element on class [com.tongwan.helper.WorldPushHelper]: AutowiredFieldElement for private com.tongwan.manage.SessionManage com.tongwan.helper.WorldPushHelper.sessionManage
2014-04-24 16:19:28[main:1411]-[DEBUG]Eagerly caching bean 'worldPushHelper' to allow for resolving potential circular references
2014-04-24 16:19:28[main:1413]-[DEBUG]Processing injected method of bean 'worldPushHelper': AutowiredFieldElement for private com.tongwan.manage.SessionManage com.tongwan.helper.WorldPushHelper.sessionManage
2014-04-24 16:19:28[main:1414]-[DEBUG]Returning cached instance of singleton bean 'sessionManage'
2014-04-24 16:19:28[main:1414]-[DEBUG]Autowiring by type from bean name 'worldPushHelper' to bean named 'sessionManage'
2014-04-24 16:19:28[main:1414]-[DEBUG]Invoking init method on bean 'worldPushHelper': public void com.tongwan.helper.WorldPushHelper.init()
2014-04-24 16:19:28[main:1414]-[DEBUG]Finished creating instance of bean 'worldPushHelper'
2014-04-24 16:19:28[main:1414]-[DEBUG]Returning cached instance of singleton bean 'sessionManage'
2014-04-24 16:19:28[main:1414]-[DEBUG]Creating shared instance of singleton bean 'moduleDispatcher'
2014-04-24 16:19:28[main:1415]-[DEBUG]Creating instance of bean 'moduleDispatcher'
2014-04-24 16:19:28[main:1416]-[DEBUG]Eagerly caching bean 'moduleDispatcher' to allow for resolving potential circular references
2014-04-24 16:19:28[main:1418]-[DEBUG]Finished creating instance of bean 'moduleDispatcher'
2014-04-24 16:19:28[main:1418]-[DEBUG]Creating shared instance of singleton bean 'rpcServiceImpl'
2014-04-24 16:19:28[main:1418]-[DEBUG]Creating instance of bean 'rpcServiceImpl'
2014-04-24 16:19:28[main:1419]-[DEBUG]Found injected element on class [com.tongwan.net.RpcServiceImpl]: AutowiredFieldElement for private com.tongwan.service.GameMapService com.tongwan.net.RpcServiceImpl.gameMapService
2014-04-24 16:19:28[main:1419]-[DEBUG]Found injected element on class [com.tongwan.net.RpcServiceImpl]: AutowiredFieldElement for private com.tongwan.service.SpriteService com.tongwan.net.RpcServiceImpl.spriteService
2014-04-24 16:19:28[main:1419]-[DEBUG]Eagerly caching bean 'rpcServiceImpl' to allow for resolving potential circular references
2014-04-24 16:19:28[main:1423]-[DEBUG]Processing injected method of bean 'rpcServiceImpl': AutowiredFieldElement for private com.tongwan.service.GameMapService com.tongwan.net.RpcServiceImpl.gameMapService
2014-04-24 16:19:28[main:1424]-[DEBUG]Creating shared instance of singleton bean 'gameMapServiceImpl'
2014-04-24 16:19:28[main:1424]-[DEBUG]Creating instance of bean 'gameMapServiceImpl'
2014-04-24 16:19:28[main:1425]-[DEBUG]Eagerly caching bean 'gameMapServiceImpl' to allow for resolving potential circular references
2014-04-24 16:19:28[main:1427]-[DEBUG]Finished creating instance of bean 'gameMapServiceImpl'
2014-04-24 16:19:28[main:1427]-[DEBUG]Autowiring by type from bean name 'rpcServiceImpl' to bean named 'gameMapServiceImpl'
2014-04-24 16:19:28[main:1427]-[DEBUG]Processing injected method of bean 'rpcServiceImpl': AutowiredFieldElement for private com.tongwan.service.SpriteService com.tongwan.net.RpcServiceImpl.spriteService
2014-04-24 16:19:28[main:1428]-[DEBUG]Creating shared instance of singleton bean 'spriteServiceImpl'
2014-04-24 16:19:28[main:1428]-[DEBUG]Creating instance of bean 'spriteServiceImpl'
2014-04-24 16:19:28[main:1432]-[DEBUG]Found injected element on class [com.tongwan.service.impl.SpriteServiceImpl]: AutowiredFieldElement for private com.tongwan.service.MonsterService com.tongwan.service.impl.SpriteServiceImpl.monsterService
2014-04-24 16:19:28[main:1432]-[DEBUG]Eagerly caching bean 'spriteServiceImpl' to allow for resolving potential circular references
2014-04-24 16:19:28[main:1435]-[DEBUG]Processing injected method of bean 'spriteServiceImpl': AutowiredFieldElement for private com.tongwan.service.MonsterService com.tongwan.service.impl.SpriteServiceImpl.monsterService
2014-04-24 16:19:28[main:1435]-[DEBUG]Creating shared instance of singleton bean 'monsterServiceImpl'
2014-04-24 16:19:28[main:1435]-[DEBUG]Creating instance of bean 'monsterServiceImpl'
2014-04-24 16:19:28[main:1436]-[DEBUG]Found injected element on class [com.tongwan.service.impl.MonsterServiceImpl]: AutowiredFieldElement for private com.tongwan.service.GameMapService com.tongwan.service.impl.MonsterServiceImpl.gameMapService
2014-04-24 16:19:28[main:1437]-[DEBUG]Found injected element on class [com.tongwan.service.impl.MonsterServiceImpl]: AutowiredFieldElement for private com.tongwan.ai.MonsterAction com.tongwan.service.impl.MonsterServiceImpl.monsterAction
2014-04-24 16:19:28[main:1437]-[DEBUG]Found injected element on class [com.tongwan.service.impl.MonsterServiceImpl]: AutowiredFieldElement for private com.tongwan.ai.AiLevelService com.tongwan.service.impl.MonsterServiceImpl.aiLevelService
2014-04-24 16:19:28[main:1437]-[DEBUG]Found injected element on class [com.tongwan.service.impl.MonsterServiceImpl]: AutowiredFieldElement for private com.tongwan.service.ResourceService com.tongwan.service.impl.MonsterServiceImpl.resourceService
2014-04-24 16:19:28[main:1437]-[DEBUG]Eagerly caching bean 'monsterServiceImpl' to allow for resolving potential circular references
2014-04-24 16:19:28[main:1439]-[DEBUG]Processing injected method of bean 'monsterServiceImpl': AutowiredFieldElement for private com.tongwan.service.GameMapService com.tongwan.service.impl.MonsterServiceImpl.gameMapService
2014-04-24 16:19:28[main:1440]-[DEBUG]Returning cached instance of singleton bean 'gameMapServiceImpl'
2014-04-24 16:19:28[main:1440]-[DEBUG]Autowiring by type from bean name 'monsterServiceImpl' to bean named 'gameMapServiceImpl'
2014-04-24 16:19:28[main:1440]-[DEBUG]Processing injected method of bean 'monsterServiceImpl': AutowiredFieldElement for private com.tongwan.ai.MonsterAction com.tongwan.service.impl.MonsterServiceImpl.monsterAction
2014-04-24 16:19:28[main:1440]-[DEBUG]Returning cached instance of singleton bean 'monsterActionImpl'
2014-04-24 16:19:28[main:1441]-[DEBUG]Autowiring by type from bean name 'monsterServiceImpl' to bean named 'monsterActionImpl'
2014-04-24 16:19:28[main:1441]-[DEBUG]Processing injected method of bean 'monsterServiceImpl': AutowiredFieldElement for private com.tongwan.ai.AiLevelService com.tongwan.service.impl.MonsterServiceImpl.aiLevelService
2014-04-24 16:19:28[main:1441]-[DEBUG]Returning cached instance of singleton bean 'aiLevelServiceImpl'
2014-04-24 16:19:28[main:1441]-[DEBUG]Autowiring by type from bean name 'monsterServiceImpl' to bean named 'aiLevelServiceImpl'
2014-04-24 16:19:28[main:1441]-[DEBUG]Processing injected method of bean 'monsterServiceImpl': AutowiredFieldElement for private com.tongwan.service.ResourceService com.tongwan.service.impl.MonsterServiceImpl.resourceService
2014-04-24 16:19:28[main:1442]-[DEBUG]Creating shared instance of singleton bean 'resourceServiceImpl'
2014-04-24 16:19:28[main:1442]-[DEBUG]Creating instance of bean 'resourceServiceImpl'
2014-04-24 16:19:28[main:1442]-[DEBUG]Eagerly caching bean 'resourceServiceImpl' to allow for resolving potential circular references
2014-04-24 16:19:28[main:1445]-[DEBUG]Finished creating instance of bean 'resourceServiceImpl'
2014-04-24 16:19:28[main:1445]-[DEBUG]Autowiring by type from bean name 'monsterServiceImpl' to bean named 'resourceServiceImpl'
2014-04-24 16:19:28[main:1445]-[DEBUG]Finished creating instance of bean 'monsterServiceImpl'
2014-04-24 16:19:28[main:1445]-[DEBUG]Autowiring by type from bean name 'spriteServiceImpl' to bean named 'monsterServiceImpl'
2014-04-24 16:19:28[main:1446]-[DEBUG]Finished creating instance of bean 'spriteServiceImpl'
2014-04-24 16:19:28[main:1446]-[DEBUG]Autowiring by type from bean name 'rpcServiceImpl' to bean named 'spriteServiceImpl'
2014-04-24 16:19:28[main:1446]-[DEBUG]Finished creating instance of bean 'rpcServiceImpl'
2014-04-24 16:19:28[main:1446]-[DEBUG]Creating shared instance of singleton bean 'tcpBootstrap'
2014-04-24 16:19:28[main:1446]-[DEBUG]Creating instance of bean 'tcpBootstrap'
2014-04-24 16:19:28[main:1461]-[DEBUG]Found injected element on class [com.tongwan.net.TcpBootstrap]: AutowiredFieldElement for private com.tongwan.net.TcpPipelineFactory com.tongwan.net.TcpBootstrap.tcpPipelineFactory
2014-04-24 16:19:28[main:1461]-[DEBUG]Eagerly caching bean 'tcpBootstrap' to allow for resolving potential circular references
2014-04-24 16:19:28[main:1464]-[DEBUG]Processing injected method of bean 'tcpBootstrap': AutowiredFieldElement for private com.tongwan.net.TcpPipelineFactory com.tongwan.net.TcpBootstrap.tcpPipelineFactory
2014-04-24 16:19:28[main:1464]-[DEBUG]Creating shared instance of singleton bean 'tcpPipelineFactory'
2014-04-24 16:19:28[main:1464]-[DEBUG]Creating instance of bean 'tcpPipelineFactory'
2014-04-24 16:19:28[main:1466]-[DEBUG]Found injected element on class [com.tongwan.net.TcpPipelineFactory]: AutowiredFieldElement for private com.tongwan.net.TcpHandler com.tongwan.net.TcpPipelineFactory.tcpHandler
2014-04-24 16:19:28[main:1466]-[DEBUG]Eagerly caching bean 'tcpPipelineFactory' to allow for resolving potential circular references
2014-04-24 16:19:28[main:1469]-[DEBUG]Processing injected method of bean 'tcpPipelineFactory': AutowiredFieldElement for private com.tongwan.net.TcpHandler com.tongwan.net.TcpPipelineFactory.tcpHandler
2014-04-24 16:19:28[main:1469]-[DEBUG]Creating shared instance of singleton bean 'tcpHandler'
2014-04-24 16:19:28[main:1469]-[DEBUG]Creating instance of bean 'tcpHandler'
2014-04-24 16:19:28[main:1569]-[DEBUG]Found injected element on class [com.tongwan.net.TcpHandler]: AutowiredFieldElement for private com.tongwan.net.ModuleDispatcher com.tongwan.net.TcpHandler.dispatcher
2014-04-24 16:19:28[main:1569]-[DEBUG]Found injected element on class [com.tongwan.net.TcpHandler]: AutowiredFieldElement for private com.tongwan.manage.SessionManage com.tongwan.net.TcpHandler.sessionManage
2014-04-24 16:19:28[main:1570]-[DEBUG]Eagerly caching bean 'tcpHandler' to allow for resolving potential circular references
2014-04-24 16:19:28[main:1574]-[DEBUG]Processing injected method of bean 'tcpHandler': AutowiredFieldElement for private com.tongwan.net.ModuleDispatcher com.tongwan.net.TcpHandler.dispatcher
2014-04-24 16:19:28[main:1574]-[DEBUG]Returning cached instance of singleton bean 'moduleDispatcher'
2014-04-24 16:19:28[main:1575]-[DEBUG]Autowiring by type from bean name 'tcpHandler' to bean named 'moduleDispatcher'
2014-04-24 16:19:28[main:1575]-[DEBUG]Processing injected method of bean 'tcpHandler': AutowiredFieldElement for private com.tongwan.manage.SessionManage com.tongwan.net.TcpHandler.sessionManage
2014-04-24 16:19:28[main:1575]-[DEBUG]Returning cached instance of singleton bean 'sessionManage'
2014-04-24 16:19:28[main:1575]-[DEBUG]Autowiring by type from bean name 'tcpHandler' to bean named 'sessionManage'
2014-04-24 16:19:28[main:1576]-[DEBUG]Finished creating instance of bean 'tcpHandler'
2014-04-24 16:19:28[main:1576]-[DEBUG]Autowiring by type from bean name 'tcpPipelineFactory' to bean named 'tcpHandler'
2014-04-24 16:19:28[main:1576]-[DEBUG]Finished creating instance of bean 'tcpPipelineFactory'
2014-04-24 16:19:28[main:1576]-[DEBUG]Autowiring by type from bean name 'tcpBootstrap' to bean named 'tcpPipelineFactory'
2014-04-24 16:19:28[main:1576]-[DEBUG]Finished creating instance of bean 'tcpBootstrap'
2014-04-24 16:19:28[main:1577]-[DEBUG]Returning cached instance of singleton bean 'tcpHandler'
2014-04-24 16:19:28[main:1577]-[DEBUG]Returning cached instance of singleton bean 'tcpPipelineFactory'
2014-04-24 16:19:28[main:1577]-[DEBUG]Creating shared instance of singleton bean 'userInterfaceImpl'
2014-04-24 16:19:28[main:1577]-[DEBUG]Creating instance of bean 'userInterfaceImpl'
2014-04-24 16:19:28[main:1608]-[DEBUG]Found init method on class [com.tongwan.protocol.module.UserInterfaceImpl]: public final void com.tongwan.net.Handler.init()
2014-04-24 16:19:28[main:1608]-[DEBUG]Found init method on class [com.tongwan.protocol.module.UserInterfaceImpl]: org.springframework.beans.factory.annotation.InitDestroyAnnotationBeanPostProcessor$LifecycleElement@316510
2014-04-24 16:19:28[main:1610]-[DEBUG]Found injected element on class [com.tongwan.protocol.module.UserInterfaceImpl]: AutowiredFieldElement for private com.tongwan.net.ModuleDispatcher com.tongwan.net.Handler.dispatcher
2014-04-24 16:19:28[main:1610]-[DEBUG]Found injected element on class [com.tongwan.protocol.module.UserInterfaceImpl]: AutowiredFieldElement for private com.tongwan.service.GameMapService com.tongwan.protocol.module.UserInterfaceImpl.gameMapService
2014-04-24 16:19:28[main:1610]-[DEBUG]Found injected element on class [com.tongwan.protocol.module.UserInterfaceImpl]: AutowiredFieldElement for private com.tongwan.service.SpriteService com.tongwan.protocol.module.UserInterfaceImpl.spriteService
2014-04-24 16:19:28[main:1611]-[DEBUG]Eagerly caching bean 'userInterfaceImpl' to allow for resolving potential circular references
2014-04-24 16:19:28[main:1616]-[DEBUG]Processing injected method of bean 'userInterfaceImpl': AutowiredFieldElement for private com.tongwan.net.ModuleDispatcher com.tongwan.net.Handler.dispatcher
2014-04-24 16:19:28[main:1616]-[DEBUG]Returning cached instance of singleton bean 'moduleDispatcher'
2014-04-24 16:19:28[main:1617]-[DEBUG]Autowiring by type from bean name 'userInterfaceImpl' to bean named 'moduleDispatcher'
2014-04-24 16:19:28[main:1617]-[DEBUG]Processing injected method of bean 'userInterfaceImpl': AutowiredFieldElement for private com.tongwan.service.GameMapService com.tongwan.protocol.module.UserInterfaceImpl.gameMapService
2014-04-24 16:19:28[main:1617]-[DEBUG]Returning cached instance of singleton bean 'gameMapServiceImpl'
2014-04-24 16:19:28[main:1617]-[DEBUG]Autowiring by type from bean name 'userInterfaceImpl' to bean named 'gameMapServiceImpl'
2014-04-24 16:19:28[main:1617]-[DEBUG]Processing injected method of bean 'userInterfaceImpl': AutowiredFieldElement for private com.tongwan.service.SpriteService com.tongwan.protocol.module.UserInterfaceImpl.spriteService
2014-04-24 16:19:28[main:1618]-[DEBUG]Returning cached instance of singleton bean 'spriteServiceImpl'
2014-04-24 16:19:28[main:1618]-[DEBUG]Autowiring by type from bean name 'userInterfaceImpl' to bean named 'spriteServiceImpl'
2014-04-24 16:19:28[main:1618]-[DEBUG]Invoking init method on bean 'userInterfaceImpl': public final void com.tongwan.net.Handler.init()
